Command line:
   FUCK_RIPPLE_CARRIES_isim_beh.exe
     -simmode  gui
     -simrunnum  1
     -socket  57887

Mon Oct 03 09:29:29 2016


 Elaboration Time: 0.062401 sec

 Current Memory Usage: 506.188 Meg

 Total Signals          : 306
 Total Nets             : 462
 Total Signal Drivers   : 328
 Total Blocks           : 35
 Total Primitive Blocks : 33
 Total Processes        : 330
 Total Traceable Variables  : 20
 Total Scalar Nets and Variables : 670
Total Line Count : 18

 Total Simulation Time: 0.156001 sec

 Current Memory Usage: 506.188 Meg

Mon Oct 03 09:34:30 2016

